0 info it worked if it ends with ok
1 verbose cli [ 'C:\\Program Files\\nodejs\\node.exe',
1 verbose cli   'C:\\Program Files\\nodejs\\node_modules\\npm\\bin\\npm-cli.js',
1 verbose cli   'install',
1 verbose cli   'express',
1 verbose cli   'socket.io',
1 verbose cli   'ejs' ]
2 info using npm@3.10.10
3 info using node@v6.11.3
4 silly loadCurrentTree Starting
5 silly install loadCurrentTree
6 silly install readLocalPackageData
7 silly fetchPackageMetaData express
8 silly fetchPackageMetaData socket.io
9 silly fetchPackageMetaData ejs
10 silly fetchNamedPackageData express
11 silly mapToRegistry name express
12 silly mapToRegistry using default registry
13 silly mapToRegistry registry https://registry.npmjs.org/
14 silly mapToRegistry data Result {
14 silly mapToRegistry   raw: 'express',
14 silly mapToRegistry   scope: null,
14 silly mapToRegistry   escapedName: 'express',
14 silly mapToRegistry   name: 'express',
14 silly mapToRegistry   rawSpec: '',
14 silly mapToRegistry   spec: 'latest',
14 silly mapToRegistry   type: 'tag' }
15 silly mapToRegistry uri https://registry.npmjs.org/express
16 silly fetchNamedPackageData socket.io
17 silly mapToRegistry name socket.io
18 silly mapToRegistry using default registry
19 silly mapToRegistry registry https://registry.npmjs.org/
20 silly mapToRegistry data Result {
20 silly mapToRegistry   raw: 'socket.io',
20 silly mapToRegistry   scope: null,
20 silly mapToRegistry   escapedName: 'socket.io',
20 silly mapToRegistry   name: 'socket.io',
20 silly mapToRegistry   rawSpec: '',
20 silly mapToRegistry   spec: 'latest',
20 silly mapToRegistry   type: 'tag' }
21 silly mapToRegistry uri https://registry.npmjs.org/socket.io
22 silly fetchNamedPackageData ejs
23 silly mapToRegistry name ejs
24 silly mapToRegistry using default registry
25 silly mapToRegistry registry https://registry.npmjs.org/
26 silly mapToRegistry data Result {
26 silly mapToRegistry   raw: 'ejs',
26 silly mapToRegistry   scope: null,
26 silly mapToRegistry   escapedName: 'ejs',
26 silly mapToRegistry   name: 'ejs',
26 silly mapToRegistry   rawSpec: '',
26 silly mapToRegistry   spec: 'latest',
26 silly mapToRegistry   type: 'tag' }
27 silly mapToRegistry uri https://registry.npmjs.org/ejs
28 verbose request uri https://registry.npmjs.org/socket.io
29 verbose request no auth needed
30 info attempt registry request try #1 at 2:18:27 PM
31 verbose request id bda53d9764f2aeed
32 verbose etag W/"59a3a57e-28a51"
33 verbose lastModified Mon, 28 Aug 2017 05:09:18 GMT
34 http request GET https://registry.npmjs.org/socket.io
35 verbose request uri https://registry.npmjs.org/ejs
36 verbose request no auth needed
37 info attempt registry request try #1 at 2:18:27 PM
38 verbose etag W/"59af8cc8-112de"
39 verbose lastModified Wed, 06 Sep 2017 05:51:04 GMT
40 http request GET https://registry.npmjs.org/ejs
41 verbose request uri https://registry.npmjs.org/express
42 verbose request no auth needed
43 info attempt registry request try #1 at 2:18:27 PM
44 verbose etag W/"59af8c98-8ecba"
45 verbose lastModified Wed, 06 Sep 2017 05:50:16 GMT
46 http request GET https://registry.npmjs.org/express
47 http 304 https://registry.npmjs.org/express
48 verbose headers { date: 'Wed, 06 Sep 2017 07:18:28 GMT',
48 verbose headers   via: '1.1 varnish',
48 verbose headers   'cache-control': 'max-age=300',
48 verbose headers   etag: 'W/"59af8c98-8ecba"',
48 verbose headers   age: '161',
48 verbose headers   connection: 'keep-alive',
48 verbose headers   'x-served-by': 'cache-nrt6132-NRT',
48 verbose headers   'x-cache': 'HIT',
48 verbose headers   'x-cache-hits': '7',
48 verbose headers   'x-timer': 'S1504682308.303863,VS0,VE0',
48 verbose headers   vary: 'Accept-Encoding, Accept' }
49 silly get cb [ 304,
49 silly get   { date: 'Wed, 06 Sep 2017 07:18:28 GMT',
49 silly get     via: '1.1 varnish',
49 silly get     'cache-control': 'max-age=300',
49 silly get     etag: 'W/"59af8c98-8ecba"',
49 silly get     age: '161',
49 silly get     connection: 'keep-alive',
49 silly get     'x-served-by': 'cache-nrt6132-NRT',
49 silly get     'x-cache': 'HIT',
49 silly get     'x-cache-hits': '7',
49 silly get     'x-timer': 'S1504682308.303863,VS0,VE0',
49 silly get     vary: 'Accept-Encoding, Accept' } ]
50 verbose etag https://registry.npmjs.org/express from cache
51 verbose get saving express to C:\Users\Administrator\AppData\Roaming\npm-cache\registry.npmjs.org\express\.cache.json
52 verbose correctMkdir C:\Users\Administrator\AppData\Roaming\npm-cache correctMkdir not in flight; initializing
53 http 304 https://registry.npmjs.org/ejs
54 verbose headers { date: 'Wed, 06 Sep 2017 07:18:28 GMT',
54 verbose headers   via: '1.1 varnish',
54 verbose headers   'cache-control': 'max-age=300',
54 verbose headers   etag: 'W/"59af8cc8-112de"',
54 verbose headers   age: '293',
54 verbose headers   connection: 'keep-alive',
54 verbose headers   'x-served-by': 'cache-nrt6127-NRT',
54 verbose headers   'x-cache': 'HIT',
54 verbose headers   'x-cache-hits': '2',
54 verbose headers   'x-timer': 'S1504682308.409166,VS0,VE0',
54 verbose headers   vary: 'Accept-Encoding, Accept' }
55 silly get cb [ 304,
55 silly get   { date: 'Wed, 06 Sep 2017 07:18:28 GMT',
55 silly get     via: '1.1 varnish',
55 silly get     'cache-control': 'max-age=300',
55 silly get     etag: 'W/"59af8cc8-112de"',
55 silly get     age: '293',
55 silly get     connection: 'keep-alive',
55 silly get     'x-served-by': 'cache-nrt6127-NRT',
55 silly get     'x-cache': 'HIT',
55 silly get     'x-cache-hits': '2',
55 silly get     'x-timer': 'S1504682308.409166,VS0,VE0',
55 silly get     vary: 'Accept-Encoding, Accept' } ]
56 verbose etag https://registry.npmjs.org/ejs from cache
57 verbose get saving ejs to C:\Users\Administrator\AppData\Roaming\npm-cache\registry.npmjs.org\ejs\.cache.json
58 verbose correctMkdir C:\Users\Administrator\AppData\Roaming\npm-cache correctMkdir not in flight; initializing
59 http 304 https://registry.npmjs.org/socket.io
60 verbose headers { date: 'Wed, 06 Sep 2017 07:18:28 GMT',
60 verbose headers   via: '1.1 varnish',
60 verbose headers   'cache-control': 'max-age=300',
60 verbose headers   etag: 'W/"59a3a57e-28a51"',
60 verbose headers   age: '0',
60 verbose headers   connection: 'keep-alive',
60 verbose headers   'x-served-by': 'cache-nrt6123-NRT',
60 verbose headers   'x-cache': 'HIT',
60 verbose headers   'x-cache-hits': '1',
60 verbose headers   'x-timer': 'S1504682308.279879,VS0,VE243',
60 verbose headers   vary: 'Accept-Encoding, Accept' }
61 silly get cb [ 304,
61 silly get   { date: 'Wed, 06 Sep 2017 07:18:28 GMT',
61 silly get     via: '1.1 varnish',
61 silly get     'cache-control': 'max-age=300',
61 silly get     etag: 'W/"59a3a57e-28a51"',
61 silly get     age: '0',
61 silly get     connection: 'keep-alive',
61 silly get     'x-served-by': 'cache-nrt6123-NRT',
61 silly get     'x-cache': 'HIT',
61 silly get     'x-cache-hits': '1',
61 silly get     'x-timer': 'S1504682308.279879,VS0,VE243',
61 silly get     vary: 'Accept-Encoding, Accept' } ]
62 verbose etag https://registry.npmjs.org/socket.io from cache
63 verbose get saving socket.io to C:\Users\Administrator\AppData\Roaming\npm-cache\registry.npmjs.org\socket.io\.cache.json
64 verbose correctMkdir C:\Users\Administrator\AppData\Roaming\npm-cache correctMkdir not in flight; initializing
65 silly install normalizeTree
66 silly loadCurrentTree Finishing
67 silly loadIdealTree Starting
68 silly install loadIdealTree
69 silly cloneCurrentTree Starting
70 silly install cloneCurrentTreeToIdealTree
71 silly cloneCurrentTree Finishing
72 silly loadShrinkwrap Starting
73 silly install loadShrinkwrap
74 silly loadShrinkwrap Finishing
75 silly loadAllDepsIntoIdealTree Starting
76 silly install loadAllDepsIntoIdealTree
77 silly rollbackFailedOptional Starting
78 silly rollbackFailedOptional Finishing
79 silly runTopLevelLifecycles Finishing
80 silly install printInstalled
81 verbose stack Error: Refusing to install socket.io as a dependency of itself
81 verbose stack     at checkSelf (C:\Program Files\nodejs\node_modules\npm\lib\install\validate-args.js:53:14)
81 verbose stack     at Array.<anonymous> (C:\Program Files\nodejs\node_modules\npm\node_modules\slide\lib\bind-actor.js:15:8)
81 verbose stack     at LOOP (C:\Program Files\nodejs\node_modules\npm\node_modules\slide\lib\chain.js:15:14)
81 verbose stack     at chain (C:\Program Files\nodejs\node_modules\npm\node_modules\slide\lib\chain.js:20:5)
81 verbose stack     at C:\Program Files\nodejs\node_modules\npm\lib\install\validate-args.js:16:5
81 verbose stack     at C:\Program Files\nodejs\node_modules\npm\node_modules\slide\lib\async-map.js:52:35
81 verbose stack     at Array.forEach (native)
81 verbose stack     at C:\Program Files\nodejs\node_modules\npm\node_modules\slide\lib\async-map.js:52:11
81 verbose stack     at Array.forEach (native)
81 verbose stack     at asyncMap (C:\Program Files\nodejs\node_modules\npm\node_modules\slide\lib\async-map.js:51:8)
82 verbose cwd C:\Users\Administrator\Desktop\test\Demo\demoSocketIO
83 error Windows_NT 6.1.7601
84 error argv "C:\\Program Files\\nodejs\\node.exe" "C:\\Program Files\\nodejs\\node_modules\\npm\\bin\\npm-cli.js" "install" "express" "socket.io" "ejs"
85 error node v6.11.3
86 error npm  v3.10.10
87 error code ENOSELF
88 error Refusing to install socket.io as a dependency of itself
89 error If you need help, you may report this error at:
89 error     <https://github.com/npm/npm/issues>
90 verbose exit [ 1, true ]
